<?xml version="1.0" encoding="UTF-8"?>
<!-- Generated by org.testng.reporters.JUnitXMLReporter -->
<testsuite ignored="1" hostname="Aruna-prgd-wd" failures="0" tests="1" name="Default test" time="83.908" errors="0" timestamp="2025-08-07T11:45:04 IST">
  <testcase classname="premiumUserContentPlayback.TC_Login" name="loginTest" time="60.779"/>
  <testcase classname="premiumUserContentPlayback.TC_Login" name="loginTestWithMultipleUser" time="0.0">
    <ignored/>
  </testcase> <!-- loginTestWithMultipleUser -->
</testsuite> <!-- Default test -->
