<?xml version="1.0" encoding="UTF-8"?>
<testng-results ignored="0" total="1" passed="1" failed="0" skipped="0">
  <reporter-output>
  </reporter-output>
  <suite started-at="2025-08-07T11:43:40 IST" name="Default suite" finished-at="2025-08-07T11:45:04 IST" duration-ms="83908">
    <groups>
    </groups>
    <test started-at="2025-08-07T11:43:40 IST" name="Default test" finished-at="2025-08-07T11:45:04 IST" duration-ms="83908">
      <class name="premiumUserContentPlayback.TC_Login">
        <test-method is-config="true" signature="setupReport()[pri:0, instance:premiumUserContentPlayback.TC_Login@1a760689]" started-at="2025-08-07T11:43:40 IST" name="setupReport" finished-at="2025-08-07T11:43:40 IST" duration-ms="154" status="PASS">
          <reporter-output>
          </reporter-output>
        </test-method> <!-- setupReport -->
        <test-method is-config="true" signature="setupTest(java.lang.reflect.Method)[pri:0, instance:premiumUserContentPlayback.TC_Login@1a760689]" started-at="2025-08-07T11:43:40 IST" name="setupTest" finished-at="2025-08-07T11:44:03 IST" duration-ms="23100" status="PASS">
          <params>
            <param index="0">
              <value>
                <![CDATA[public void premiumUserContentPlayback.TC_Login.loginTest()]]>
              </value>
            </param>
          </params>
          <reporter-output>
          </reporter-output>
        </test-method> <!-- setupTest -->
        <test-method signature="loginTest()[pri:0, instance:premiumUserContentPlayback.TC_Login@1a760689]" started-at="2025-08-07T11:44:03 IST" name="loginTest" finished-at="2025-08-07T11:45:04 IST" duration-ms="60779" status="PASS">
          <reporter-output>
          </reporter-output>
        </test-method> <!-- loginTest -->
        <test-method is-config="true" signature="teardownReport()[pri:0, instance:premiumUserContentPlayback.TC_Login@1a760689]" started-at="2025-08-07T11:45:04 IST" name="teardownReport" finished-at="2025-08-07T11:45:04 IST" duration-ms="219" status="PASS">
          <reporter-output>
          </reporter-output>
        </test-method> <!-- teardownReport -->
      </class> <!-- premiumUserContentPlayback.TC_Login -->
    </test> <!-- Default test -->
  </suite> <!-- Default suite -->
</testng-results>
